Argentina  
Chile  
Argentina  
Chile  
Argentina  
Portugal  
Chile  
Argentina  
Portugal  
Espanha  
O número de elementos são 4.
<models.Node.Node object at 0x000001ECA3566350>
Chile  
Argentina  
Portugal  
Espanha  
Franca  
<models.Node.Node object at 0x000001ECA3566350>
Chile  
Argentina  
Portugal  
Italia  
Espanha  
Franca  
China  
Chile  
Argentina  
Portugal  
Italia  
Espanha  
Franca  
China  
Japao  
Chile  
Argentina  
Portugal  
Italia  
Espanha  
Franca  
China  
Japao  
Angola  
Chile  
Argentina  
Portugal  
Italia  
Espanha  
Franca  
O número de elementos são 9.
Item found
O país Portugal encontra-se na lista.
item bot found
O país Alemanha não se encontra na lista.
O primeiro país da lista foi eliminado com sucesso.
O número de elementos são 8.
O ultimo país da lista foi eliminado com sucesso.
O número de elementos são 7.
Item found
O país Chile foi eliminado com sucesso.
O número de elementos são 6.
